<?xml version="1.0" encoding="UTF-8"?>
<!-- Generated by org.testng.reporters.JUnitReportReporter -->
<testsuite skipped="0" hostname="DESKTOP-6SRVFDT" name="seleniumjavaframework.TESTNGPRIORITY" tests="3" failures="0" timestamp="15 May 2019 11:11:07 GMT" time="0.024" errors="0">
  <testcase name="test2" time="0.024" classname="seleniumjavaframework.TESTNGPRIORITY"/>
  <testcase name="test1" time="0.000" classname="seleniumjavaframework.TESTNGPRIORITY"/>
  <testcase name="test3" time="0.000" classname="seleniumjavaframework.TESTNGPRIORITY"/>
</testsuite> <!-- seleniumjavaframework.TESTNGPRIORITY -->
