<?xml version="1.0" encoding="UTF-8"?>
<!-- Generated by org.testng.reporters.JUnitReportReporter -->
<testsuite skipped="0" hostname="DESKTOP-6SRVFDT" name="Dynamic.webElements" tests="1" failures="0" timestamp="20 May 2019 07:21:43 GMT" time="10.303" errors="0">
  <testcase name="Handle_Dynamic_Webtable" time="10.303" classname="Dynamic.webElements"/>
</testsuite> <!-- Dynamic.webElements -->
