<?xml version="1.0" encoding="UTF-8"?>
<!-- Generated by org.testng.reporters.JUnitReportReporter -->
<testsuite skipped="0" hostname="DESKTOP-6SRVFDT" name="seleniumjavaframework.testng" tests="1" failures="0" timestamp="06 May 2019 07:16:21 GMT" time="7.216" errors="0">
  <testcase name="googlesearch" time="7.216" classname="seleniumjavaframework.testng"/>
</testsuite> <!-- seleniumjavaframework.testng -->
