<?xml version="1.0" encoding="UTF-8"?>
<!-- Generated by org.testng.reporters.JUnitReportReporter -->
<testsuite skipped="0" hostname="DESKTOP-6SRVFDT" name="util.ExcelDataProvider" tests="1" failures="0" timestamp="07 May 2019 13:26:06 GMT" time="0.016" errors="0">
  <testcase name="test1" time="0.016" classname="util.ExcelDataProvider"/>
</testsuite> <!-- util.ExcelDataProvider -->
