<?xml version="1.0" encoding="UTF-8"?>
<!-- Generated by org.testng.reporters.JUnitReportReporter -->
<testsuite skipped="0" hostname="DESKTOP-6SRVFDT" name="seleniumjavaframework.extentreportwithtestng" tests="1" failures="0" timestamp="05 May 2019 09:22:47 GMT" time="4.559" errors="0">
  <testcase name="googlesearch" time="4.559" classname="seleniumjavaframework.extentreportwithtestng"/>
</testsuite> <!-- seleniumjavaframework.extentreportwithtestng -->
