<?xml version="1.0" encoding="UTF-8"?>
<!-- Generated by org.testng.reporters.JUnitReportReporter -->
<testsuite skipped="0" hostname="DESKTOP-6SRVFDT" name="seleniumjavaframework.first" tests="1" failures="0" timestamp="01 May 2019 17:08:37 GMT" time="45.241" errors="0">
  <testcase name="facebook" time="45.241" classname="seleniumjavaframework.first"/>
</testsuite> <!-- seleniumjavaframework.first -->
